<?xml version="1.0" encoding="UTF-8"?>
<!-- Generated by org.testng.reporters.JUnitReportReporter -->
<testsuite skipped="0" hostname="DESKTOP-8SKHQK9" name="apiTesting.JiraAPIFramework.AppTest" tests="1" failures="0" timestamp="2020-06-25T00:48:00 IST" time="0.014" errors="0">
  <testcase name="shouldAnswerWithTrue" time="0.014" classname="apiTesting.JiraAPIFramework.AppTest"/>
  <system-out/>
</testsuite> <!-- apiTesting.JiraAPIFramework.AppTest -->
